<?xml version="1.0" encoding="UTF-8"?>
<!-- Generated by org.testng.reporters.JUnitReportReporter -->
<testsuite skipped="0" hostname="DESKTOP-INQUNRP" name="com.assurancewireless.coverageMap.LifeLineserviceTest" tests="1" failures="0" timestamp="2020-12-20T19:12:00 EST" time="0.256" errors="0">
  <testcase name="lifLineService_WhatIsLifeLine" time="0.256" classname="com.assurancewireless.coverageMap.LifeLineserviceTest"/>
</testsuite> <!-- com.assurancewireless.coverageMap.LifeLineserviceTest -->
