<?xml version="1.0" encoding="UTF-8"?>
<!-- Generated by org.testng.reporters.JUnitReportReporter -->
<testsuite hostname="YOUNESSE" failures="0" tests="1" name="com.assurancewireless.coverageMap.LifeLineserviceTest" time="0.721" errors="0" timestamp="2021-03-28T23:59:41 EDT" skipped="0">
  <testcase classname="com.assurancewireless.coverageMap.LifeLineserviceTest" name="lifLineService_WhatIsLifeLine" time="0.721"/>
</testsuite> <!-- com.assurancewireless.coverageMap.LifeLineserviceTest -->
